2025-12-03 00:05:46 +0000 - dagster - DEBUG - __ASSET_JOB - f1f71f1a-8a4f-4718-8bfa-f8009ebb6c24 - 28894 - LOGS_CAPTURED - Started capturing logs in process (pid: 28894).
2025-12-03 00:05:46 +0000 - dagster - DEBUG - __ASSET_JOB - f1f71f1a-8a4f-4718-8bfa-f8009ebb6c24 - 28894 - load_to_neo4j - STEP_START - Started execution of step "load_to_neo4j".
12/03/2025 12:05:46 AM - Context impl SQLiteImpl.
12/03/2025 12:05:46 AM - Will assume non-transactional DDL.
2025-12-03 00:05:46 +0000 - dagster - DEBUG - __ASSET_JOB - f1f71f1a-8a4f-4718-8bfa-f8009ebb6c24 - load_to_neo4j - Loading file from: /opt/dagster/dagster_home/storage/extract_locations using PickledObjectFilesystemIOManager...
2025-12-03 00:05:46 +0000 - dagster - DEBUG - __ASSET_JOB - f1f71f1a-8a4f-4718-8bfa-f8009ebb6c24 - 28894 - load_to_neo4j - LOADED_INPUT - Loaded input "extract_locations" using input manager "io_manager", from output "result" of step "extract_locations"
2025-12-03 00:05:46 +0000 - dagster - DEBUG - __ASSET_JOB - f1f71f1a-8a4f-4718-8bfa-f8009ebb6c24 - 28894 - load_to_neo4j - STEP_INPUT - Got input "extract_locations" of type "DataFrame". (Type check passed).
12/03/2025 12:05:50 AM - Failed to load article to Neo4j: Cannot resolve address neo4j:7687
12/03/2025 12:05:54 AM - Failed to load article to Neo4j: Cannot resolve address neo4j:7687
12/03/2025 12:05:58 AM - Failed to load article to Neo4j: Cannot resolve address neo4j:7687
12/03/2025 12:06:02 AM - Failed to load article to Neo4j: Cannot resolve address neo4j:7687
12/03/2025 12:06:06 AM - Failed to load article to Neo4j: Cannot resolve address neo4j:7687
12/03/2025 12:06:10 AM - Failed to load article to Neo4j: Cannot resolve address neo4j:7687
12/03/2025 12:06:13 AM - Failed to load article to Neo4j: Cannot resolve address neo4j:7687
12/03/2025 12:06:17 AM - Failed to load article to Neo4j: Cannot resolve address neo4j:7687
12/03/2025 12:06:21 AM - Failed to load article to Neo4j: Cannot resolve address neo4j:7687
12/03/2025 12:06:25 AM - Failed to load article to Neo4j: Cannot resolve address neo4j:7687
12/03/2025 12:06:29 AM - Failed to load article to Neo4j: Cannot resolve address neo4j:7687
12/03/2025 12:06:33 AM - Failed to load article to Neo4j: Cannot resolve address neo4j:7687
12/03/2025 12:06:37 AM - Failed to load article to Neo4j: Cannot resolve address neo4j:7687
12/03/2025 12:06:39 AM - Failed to load article to Neo4j: Cannot resolve address neo4j:7687
12/03/2025 12:06:43 AM - Failed to load article to Neo4j: Cannot resolve address neo4j:7687
12/03/2025 12:06:47 AM - Failed to load article to Neo4j: Cannot resolve address neo4j:7687
12/03/2025 12:06:51 AM - Failed to load article to Neo4j: Cannot resolve address neo4j:7687
12/03/2025 12:06:55 AM - Failed to load article to Neo4j: Cannot resolve address neo4j:7687
12/03/2025 12:06:59 AM - Failed to load article to Neo4j: Cannot resolve address neo4j:7687
12/03/2025 12:07:03 AM - Failed to load article to Neo4j: Cannot resolve address neo4j:7687
12/03/2025 12:07:07 AM - Failed to load article to Neo4j: Cannot resolve address neo4j:7687
12/03/2025 12:07:10 AM - Failed to load article to Neo4j: Cannot resolve address neo4j:7687
12/03/2025 12:07:14 AM - Failed to load article to Neo4j: Cannot resolve address neo4j:7687
12/03/2025 12:07:18 AM - Failed to load article to Neo4j: Cannot resolve address neo4j:7687
12/03/2025 12:07:22 AM - Failed to load article to Neo4j: Cannot resolve address neo4j:7687
12/03/2025 12:07:26 AM - Failed to load article to Neo4j: Cannot resolve address neo4j:7687
12/03/2025 12:07:30 AM - Failed to load article to Neo4j: Cannot resolve address neo4j:7687
12/03/2025 12:07:34 AM - Failed to load article to Neo4j: Cannot resolve address neo4j:7687
12/03/2025 12:07:37 AM - Failed to load article to Neo4j: Cannot resolve address neo4j:7687
12/03/2025 12:07:41 AM - Failed to load article to Neo4j: Cannot resolve address neo4j:7687
12/03/2025 12:07:45 AM - Failed to load article to Neo4j: Cannot resolve address neo4j:7687
12/03/2025 12:07:49 AM - Failed to load article to Neo4j: Cannot resolve address neo4j:7687
12/03/2025 12:07:53 AM - Failed to load article to Neo4j: Cannot resolve address neo4j:7687
12/03/2025 12:07:57 AM - Failed to load article to Neo4j: Cannot resolve address neo4j:7687
12/03/2025 12:08:01 AM - Failed to load article to Neo4j: Cannot resolve address neo4j:7687
12/03/2025 12:08:05 AM - Failed to load article to Neo4j: Cannot resolve address neo4j:7687
12/03/2025 12:08:07 AM - Failed to load article to Neo4j: Cannot resolve address neo4j:7687
12/03/2025 12:08:11 AM - Failed to load article to Neo4j: Cannot resolve address neo4j:7687
12/03/2025 12:08:15 AM - Failed to load article to Neo4j: Cannot resolve address neo4j:7687
12/03/2025 12:08:19 AM - Failed to load article to Neo4j: Cannot resolve address neo4j:7687
12/03/2025 12:08:23 AM - Failed to load article to Neo4j: Cannot resolve address neo4j:7687
12/03/2025 12:08:27 AM - Failed to load article to Neo4j: Cannot resolve address neo4j:7687
12/03/2025 12:08:31 AM - Failed to load article to Neo4j: Cannot resolve address neo4j:7687
12/03/2025 12:08:34 AM - Failed to load article to Neo4j: Cannot resolve address neo4j:7687
12/03/2025 12:08:38 AM - Failed to load article to Neo4j: Cannot resolve address neo4j:7687
12/03/2025 12:08:42 AM - Failed to load article to Neo4j: Cannot resolve address neo4j:7687
12/03/2025 12:08:46 AM - Failed to load article to Neo4j: Cannot resolve address neo4j:7687
12/03/2025 12:08:50 AM - Failed to load article to Neo4j: Cannot resolve address neo4j:7687
12/03/2025 12:08:54 AM - Failed to load article to Neo4j: Cannot resolve address neo4j:7687
12/03/2025 12:08:58 AM - Failed to load article to Neo4j: Cannot resolve address neo4j:7687
12/03/2025 12:09:02 AM - Failed to load article to Neo4j: Cannot resolve address neo4j:7687
12/03/2025 12:09:05 AM - Failed to load article to Neo4j: Cannot resolve address neo4j:7687
12/03/2025 12:09:09 AM - Failed to load article to Neo4j: Cannot resolve address neo4j:7687
12/03/2025 12:09:13 AM - Failed to load article to Neo4j: Cannot resolve address neo4j:7687
12/03/2025 12:09:17 AM - Failed to load article to Neo4j: Cannot resolve address neo4j:7687
12/03/2025 12:09:21 AM - Failed to load article to Neo4j: Cannot resolve address neo4j:7687
12/03/2025 12:09:25 AM - Failed to load article to Neo4j: Cannot resolve address neo4j:7687
12/03/2025 12:09:29 AM - Failed to load article to Neo4j: Cannot resolve address neo4j:7687
12/03/2025 12:09:32 AM - Failed to load article to Neo4j: Cannot resolve address neo4j:7687
12/03/2025 12:09:36 AM - Failed to load article to Neo4j: Cannot resolve address neo4j:7687
12/03/2025 12:09:40 AM - Failed to load article to Neo4j: Cannot resolve address neo4j:7687
12/03/2025 12:09:44 AM - Failed to load article to Neo4j: Cannot resolve address neo4j:7687
12/03/2025 12:09:48 AM - Failed to load article to Neo4j: Cannot resolve address neo4j:7687
12/03/2025 12:09:52 AM - Failed to load article to Neo4j: Cannot resolve address neo4j:7687
12/03/2025 12:09:56 AM - Failed to load article to Neo4j: Cannot resolve address neo4j:7687
12/03/2025 12:10:00 AM - Failed to load article to Neo4j: Cannot resolve address neo4j:7687
12/03/2025 12:10:02 AM - Failed to load article to Neo4j: Cannot resolve address neo4j:7687
12/03/2025 12:10:06 AM - Failed to load article to Neo4j: Cannot resolve address neo4j:7687
12/03/2025 12:10:10 AM - Failed to load article to Neo4j: Cannot resolve address neo4j:7687
12/03/2025 12:10:14 AM - Failed to load article to Neo4j: Cannot resolve address neo4j:7687
12/03/2025 12:10:18 AM - Failed to load article to Neo4j: Cannot resolve address neo4j:7687
12/03/2025 12:10:22 AM - Failed to load article to Neo4j: Cannot resolve address neo4j:7687
12/03/2025 12:10:26 AM - Failed to load article to Neo4j: Cannot resolve address neo4j:7687
12/03/2025 12:10:29 AM - Failed to load article to Neo4j: Cannot resolve address neo4j:7687
12/03/2025 12:10:33 AM - Failed to load article to Neo4j: Cannot resolve address neo4j:7687
12/03/2025 12:10:37 AM - Failed to load article to Neo4j: Cannot resolve address neo4j:7687
12/03/2025 12:10:41 AM - Failed to load article to Neo4j: Cannot resolve address neo4j:7687
12/03/2025 12:10:45 AM - Failed to load article to Neo4j: Cannot resolve address neo4j:7687
12/03/2025 12:10:49 AM - Failed to load article to Neo4j: Cannot resolve address neo4j:7687
12/03/2025 12:10:53 AM - Failed to load article to Neo4j: Cannot resolve address neo4j:7687
12/03/2025 12:10:57 AM - Failed to load article to Neo4j: Cannot resolve address neo4j:7687
12/03/2025 12:11:00 AM - Failed to load article to Neo4j: Cannot resolve address neo4j:7687
12/03/2025 12:11:04 AM - Failed to load article to Neo4j: Cannot resolve address neo4j:7687
12/03/2025 12:11:08 AM - Failed to load article to Neo4j: Cannot resolve address neo4j:7687
12/03/2025 12:11:12 AM - Failed to load article to Neo4j: Cannot resolve address neo4j:7687
12/03/2025 12:11:16 AM - Failed to load article to Neo4j: Cannot resolve address neo4j:7687
12/03/2025 12:11:20 AM - Failed to load article to Neo4j: Cannot resolve address neo4j:7687
12/03/2025 12:11:24 AM - Failed to load article to Neo4j: Cannot resolve address neo4j:7687
12/03/2025 12:11:26 AM - Failed to load article to Neo4j: Cannot resolve address neo4j:7687
12/03/2025 12:11:30 AM - Failed to load article to Neo4j: Cannot resolve address neo4j:7687
12/03/2025 12:11:34 AM - Failed to load article to Neo4j: Cannot resolve address neo4j:7687
12/03/2025 12:11:38 AM - Failed to load article to Neo4j: Cannot resolve address neo4j:7687
12/03/2025 12:11:42 AM - Failed to load article to Neo4j: Cannot resolve address neo4j:7687
12/03/2025 12:11:46 AM - Failed to load article to Neo4j: Cannot resolve address neo4j:7687
12/03/2025 12:11:50 AM - Failed to load article to Neo4j: Cannot resolve address neo4j:7687
12/03/2025 12:11:54 AM - Failed to load article to Neo4j: Cannot resolve address neo4j:7687
12/03/2025 12:11:57 AM - Failed to load article to Neo4j: Cannot resolve address neo4j:7687
12/03/2025 12:12:01 AM - Failed to load article to Neo4j: Cannot resolve address neo4j:7687
12/03/2025 12:12:05 AM - Failed to load article to Neo4j: Cannot resolve address neo4j:7687
12/03/2025 12:12:09 AM - Failed to load article to Neo4j: Cannot resolve address neo4j:7687
12/03/2025 12:12:13 AM - Failed to load article to Neo4j: Cannot resolve address neo4j:7687
12/03/2025 12:12:17 AM - Failed to load article to Neo4j: Cannot resolve address neo4j:7687
12/03/2025 12:12:21 AM - Failed to load article to Neo4j: Cannot resolve address neo4j:7687
12/03/2025 12:12:24 AM - Failed to load article to Neo4j: Cannot resolve address neo4j:7687
12/03/2025 12:12:28 AM - Failed to load article to Neo4j: Cannot resolve address neo4j:7687
12/03/2025 12:12:32 AM - Failed to load article to Neo4j: Cannot resolve address neo4j:7687
12/03/2025 12:12:36 AM - Failed to load article to Neo4j: Cannot resolve address neo4j:7687
12/03/2025 12:12:40 AM - Failed to load article to Neo4j: Cannot resolve address neo4j:7687
12/03/2025 12:12:44 AM - Failed to load article to Neo4j: Cannot resolve address neo4j:7687
12/03/2025 12:12:48 AM - Failed to load article to Neo4j: Cannot resolve address neo4j:7687
12/03/2025 12:12:52 AM - Failed to load article to Neo4j: Cannot resolve address neo4j:7687
12/03/2025 12:12:54 AM - Failed to load article to Neo4j: Cannot resolve address neo4j:7687
12/03/2025 12:12:58 AM - Failed to load article to Neo4j: Cannot resolve address neo4j:7687
12/03/2025 12:13:02 AM - Failed to load article to Neo4j: Cannot resolve address neo4j:7687
12/03/2025 12:13:06 AM - Failed to load article to Neo4j: Cannot resolve address neo4j:7687
12/03/2025 12:13:10 AM - Failed to load article to Neo4j: Cannot resolve address neo4j:7687
12/03/2025 12:13:14 AM - Failed to load article to Neo4j: Cannot resolve address neo4j:7687
12/03/2025 12:13:18 AM - Failed to load article to Neo4j: Cannot resolve address neo4j:7687
12/03/2025 12:13:21 AM - Failed to load article to Neo4j: Cannot resolve address neo4j:7687
12/03/2025 12:13:25 AM - Failed to load article to Neo4j: Cannot resolve address neo4j:7687
12/03/2025 12:13:29 AM - Failed to load article to Neo4j: Cannot resolve address neo4j:7687
12/03/2025 12:13:33 AM - Failed to load article to Neo4j: Cannot resolve address neo4j:7687
12/03/2025 12:13:37 AM - Failed to load article to Neo4j: Cannot resolve address neo4j:7687
12/03/2025 12:13:41 AM - Failed to load article to Neo4j: Cannot resolve address neo4j:7687
12/03/2025 12:13:45 AM - Failed to load article to Neo4j: Cannot resolve address neo4j:7687
12/03/2025 12:13:49 AM - Failed to load article to Neo4j: Cannot resolve address neo4j:7687
12/03/2025 12:13:51 AM - Failed to load article to Neo4j: Cannot resolve address neo4j:7687
12/03/2025 12:13:55 AM - Failed to load article to Neo4j: Cannot resolve address neo4j:7687
12/03/2025 12:13:59 AM - Failed to load article to Neo4j: Cannot resolve address neo4j:7687
12/03/2025 12:14:03 AM - Failed to load article to Neo4j: Cannot resolve address neo4j:7687
12/03/2025 12:14:07 AM - Failed to load article to Neo4j: Cannot resolve address neo4j:7687
12/03/2025 12:14:11 AM - Failed to load article to Neo4j: Cannot resolve address neo4j:7687
12/03/2025 12:14:15 AM - Failed to load article to Neo4j: Cannot resolve address neo4j:7687
12/03/2025 12:14:18 AM - Failed to load article to Neo4j: Cannot resolve address neo4j:7687
12/03/2025 12:14:22 AM - Failed to load article to Neo4j: Cannot resolve address neo4j:7687
12/03/2025 12:14:26 AM - Failed to load article to Neo4j: Cannot resolve address neo4j:7687
12/03/2025 12:14:30 AM - Failed to load article to Neo4j: Cannot resolve address neo4j:7687
12/03/2025 12:14:34 AM - Failed to load article to Neo4j: Cannot resolve address neo4j:7687
12/03/2025 12:14:38 AM - Failed to load article to Neo4j: Cannot resolve address neo4j:7687
12/03/2025 12:14:42 AM - Failed to load article to Neo4j: Cannot resolve address neo4j:7687
12/03/2025 12:14:46 AM - Failed to load article to Neo4j: Cannot resolve address neo4j:7687
12/03/2025 12:14:49 AM - Failed to load article to Neo4j: Cannot resolve address neo4j:7687
12/03/2025 12:14:53 AM - Failed to load article to Neo4j: Cannot resolve address neo4j:7687
12/03/2025 12:14:57 AM - Failed to load article to Neo4j: Cannot resolve address neo4j:7687
12/03/2025 12:15:01 AM - Failed to load article to Neo4j: Cannot resolve address neo4j:7687
12/03/2025 12:15:05 AM - Failed to load article to Neo4j: Cannot resolve address neo4j:7687
12/03/2025 12:15:09 AM - Failed to load article to Neo4j: Cannot resolve address neo4j:7687
12/03/2025 12:15:13 AM - Failed to load article to Neo4j: Cannot resolve address neo4j:7687
12/03/2025 12:15:15 AM - Failed to load article to Neo4j: Cannot resolve address neo4j:7687
12/03/2025 12:15:19 AM - Failed to load article to Neo4j: Cannot resolve address neo4j:7687
12/03/2025 12:15:23 AM - Failed to load article to Neo4j: Cannot resolve address neo4j:7687
12/03/2025 12:15:27 AM - Failed to load article to Neo4j: Cannot resolve address neo4j:7687
12/03/2025 12:15:31 AM - Failed to load article to Neo4j: Cannot resolve address neo4j:7687
12/03/2025 12:15:35 AM - Failed to load article to Neo4j: Cannot resolve address neo4j:7687
12/03/2025 12:15:39 AM - Failed to load article to Neo4j: Cannot resolve address neo4j:7687
12/03/2025 12:15:43 AM - Failed to load article to Neo4j: Cannot resolve address neo4j:7687
12/03/2025 12:15:46 AM - Failed to load article to Neo4j: Cannot resolve address neo4j:7687
12/03/2025 12:15:50 AM - Failed to load article to Neo4j: Cannot resolve address neo4j:7687
12/03/2025 12:15:54 AM - Failed to load article to Neo4j: Cannot resolve address neo4j:7687
12/03/2025 12:15:58 AM - Failed to load article to Neo4j: Cannot resolve address neo4j:7687
12/03/2025 12:16:02 AM - Failed to load article to Neo4j: Cannot resolve address neo4j:7687
12/03/2025 12:16:06 AM - Failed to load article to Neo4j: Cannot resolve address neo4j:7687
12/03/2025 12:16:10 AM - Failed to load article to Neo4j: Cannot resolve address neo4j:7687
12/03/2025 12:16:13 AM - Failed to load article to Neo4j: Cannot resolve address neo4j:7687
12/03/2025 12:16:17 AM - Failed to load article to Neo4j: Cannot resolve address neo4j:7687
12/03/2025 12:16:21 AM - Failed to load article to Neo4j: Cannot resolve address neo4j:7687
12/03/2025 12:16:25 AM - Failed to load article to Neo4j: Cannot resolve address neo4j:7687
12/03/2025 12:16:29 AM - Failed to load article to Neo4j: Cannot resolve address neo4j:7687
12/03/2025 12:16:33 AM - Failed to load article to Neo4j: Cannot resolve address neo4j:7687
12/03/2025 12:16:37 AM - Failed to load article to Neo4j: Cannot resolve address neo4j:7687
12/03/2025 12:16:41 AM - Failed to load article to Neo4j: Cannot resolve address neo4j:7687
12/03/2025 12:16:43 AM - Failed to load article to Neo4j: Cannot resolve address neo4j:7687
12/03/2025 12:16:47 AM - Failed to load article to Neo4j: Cannot resolve address neo4j:7687
12/03/2025 12:16:51 AM - Failed to load article to Neo4j: Cannot resolve address neo4j:7687
12/03/2025 12:16:55 AM - Failed to load article to Neo4j: Cannot resolve address neo4j:7687
12/03/2025 12:16:59 AM - Failed to load article to Neo4j: Cannot resolve address neo4j:7687
12/03/2025 12:17:03 AM - Failed to load article to Neo4j: Cannot resolve address neo4j:7687
12/03/2025 12:17:07 AM - Failed to load article to Neo4j: Cannot resolve address neo4j:7687
12/03/2025 12:17:10 AM - Failed to load article to Neo4j: Cannot resolve address neo4j:7687
12/03/2025 12:17:14 AM - Failed to load article to Neo4j: Cannot resolve address neo4j:7687
12/03/2025 12:17:18 AM - Failed to load article to Neo4j: Cannot resolve address neo4j:7687
12/03/2025 12:17:22 AM - Failed to load article to Neo4j: Cannot resolve address neo4j:7687
12/03/2025 12:17:26 AM - Failed to load article to Neo4j: Cannot resolve address neo4j:7687
12/03/2025 12:17:30 AM - Failed to load article to Neo4j: Cannot resolve address neo4j:7687
12/03/2025 12:17:34 AM - Failed to load article to Neo4j: Cannot resolve address neo4j:7687
12/03/2025 12:17:38 AM - Failed to load article to Neo4j: Cannot resolve address neo4j:7687
12/03/2025 12:17:41 AM - Failed to load article to Neo4j: Cannot resolve address neo4j:7687
12/03/2025 12:17:45 AM - Failed to load article to Neo4j: Cannot resolve address neo4j:7687
12/03/2025 12:17:49 AM - Failed to load article to Neo4j: Cannot resolve address neo4j:7687
12/03/2025 12:17:53 AM - Failed to load article to Neo4j: Cannot resolve address neo4j:7687
12/03/2025 12:17:57 AM - Failed to load article to Neo4j: Cannot resolve address neo4j:7687
12/03/2025 12:18:01 AM - Failed to load article to Neo4j: Cannot resolve address neo4j:7687
12/03/2025 12:18:05 AM - Failed to load article to Neo4j: Cannot resolve address neo4j:7687
12/03/2025 12:18:07 AM - Failed to load article to Neo4j: Cannot resolve address neo4j:7687
12/03/2025 12:18:11 AM - Failed to load article to Neo4j: Cannot resolve address neo4j:7687
12/03/2025 12:18:15 AM - Failed to load article to Neo4j: Cannot resolve address neo4j:7687
12/03/2025 12:18:19 AM - Failed to load article to Neo4j: Cannot resolve address neo4j:7687
12/03/2025 12:18:23 AM - Failed to load article to Neo4j: Cannot resolve address neo4j:7687
12/03/2025 12:18:27 AM - Failed to load article to Neo4j: Cannot resolve address neo4j:7687
12/03/2025 12:18:31 AM - Failed to load article to Neo4j: Cannot resolve address neo4j:7687
12/03/2025 12:18:35 AM - Failed to load article to Neo4j: Cannot resolve address neo4j:7687
12/03/2025 12:18:38 AM - Failed to load article to Neo4j: Cannot resolve address neo4j:7687
12/03/2025 12:18:42 AM - Failed to load article to Neo4j: Cannot resolve address neo4j:7687
12/03/2025 12:18:46 AM - Failed to load article to Neo4j: Cannot resolve address neo4j:7687
12/03/2025 12:18:50 AM - Failed to load article to Neo4j: Cannot resolve address neo4j:7687
12/03/2025 12:18:54 AM - Failed to load article to Neo4j: Cannot resolve address neo4j:7687
12/03/2025 12:18:58 AM - Failed to load article to Neo4j: Cannot resolve address neo4j:7687
12/03/2025 12:19:02 AM - Failed to load article to Neo4j: Cannot resolve address neo4j:7687
12/03/2025 12:19:05 AM - Failed to load article to Neo4j: Cannot resolve address neo4j:7687
12/03/2025 12:19:09 AM - Failed to load article to Neo4j: Cannot resolve address neo4j:7687
12/03/2025 12:19:13 AM - Failed to load article to Neo4j: Cannot resolve address neo4j:7687
12/03/2025 12:19:17 AM - Failed to load article to Neo4j: Cannot resolve address neo4j:7687
12/03/2025 12:19:21 AM - Failed to load article to Neo4j: Cannot resolve address neo4j:7687
12/03/2025 12:19:25 AM - Failed to load article to Neo4j: Cannot resolve address neo4j:7687
12/03/2025 12:19:29 AM - Failed to load article to Neo4j: Cannot resolve address neo4j:7687
12/03/2025 12:19:33 AM - Failed to load article to Neo4j: Cannot resolve address neo4j:7687
12/03/2025 12:19:35 AM - Failed to load article to Neo4j: Cannot resolve address neo4j:7687
12/03/2025 12:19:39 AM - Failed to load article to Neo4j: Cannot resolve address neo4j:7687
12/03/2025 12:19:43 AM - Failed to load article to Neo4j: Cannot resolve address neo4j:7687
12/03/2025 12:19:47 AM - Failed to load article to Neo4j: Cannot resolve address neo4j:7687
12/03/2025 12:19:51 AM - Failed to load article to Neo4j: Cannot resolve address neo4j:7687
12/03/2025 12:19:55 AM - Failed to load article to Neo4j: Cannot resolve address neo4j:7687
12/03/2025 12:19:59 AM - Failed to load article to Neo4j: Cannot resolve address neo4j:7687
12/03/2025 12:20:02 AM - Failed to load article to Neo4j: Cannot resolve address neo4j:7687
12/03/2025 12:20:06 AM - Failed to load article to Neo4j: Cannot resolve address neo4j:7687
12/03/2025 12:20:10 AM - Failed to load article to Neo4j: Cannot resolve address neo4j:7687
12/03/2025 12:20:14 AM - Failed to load article to Neo4j: Cannot resolve address neo4j:7687
12/03/2025 12:20:18 AM - Failed to load article to Neo4j: Cannot resolve address neo4j:7687
12/03/2025 12:20:22 AM - Failed to load article to Neo4j: Cannot resolve address neo4j:7687
12/03/2025 12:20:26 AM - Failed to load article to Neo4j: Cannot resolve address neo4j:7687
12/03/2025 12:20:30 AM - Failed to load article to Neo4j: Cannot resolve address neo4j:7687
12/03/2025 12:20:32 AM - Failed to load article to Neo4j: Cannot resolve address neo4j:7687
12/03/2025 12:20:36 AM - Failed to load article to Neo4j: Cannot resolve address neo4j:7687
12/03/2025 12:20:40 AM - Failed to load article to Neo4j: Cannot resolve address neo4j:7687
12/03/2025 12:20:44 AM - Failed to load article to Neo4j: Cannot resolve address neo4j:7687
12/03/2025 12:20:48 AM - Failed to load article to Neo4j: Cannot resolve address neo4j:7687
12/03/2025 12:20:52 AM - Failed to load article to Neo4j: Cannot resolve address neo4j:7687
12/03/2025 12:20:56 AM - Failed to load article to Neo4j: Cannot resolve address neo4j:7687
12/03/2025 12:20:59 AM - Failed to load article to Neo4j: Cannot resolve address neo4j:7687
12/03/2025 12:21:03 AM - Failed to load article to Neo4j: Cannot resolve address neo4j:7687
12/03/2025 12:21:07 AM - Failed to load article to Neo4j: Cannot resolve address neo4j:7687
12/03/2025 12:21:11 AM - Failed to load article to Neo4j: Cannot resolve address neo4j:7687
12/03/2025 12:21:15 AM - Failed to load article to Neo4j: Cannot resolve address neo4j:7687
12/03/2025 12:21:19 AM - Failed to load article to Neo4j: Cannot resolve address neo4j:7687
12/03/2025 12:21:23 AM - Failed to load article to Neo4j: Cannot resolve address neo4j:7687
12/03/2025 12:21:27 AM - Failed to load article to Neo4j: Cannot resolve address neo4j:7687
12/03/2025 12:21:30 AM - Failed to load article to Neo4j: Cannot resolve address neo4j:7687
12/03/2025 12:21:34 AM - Failed to load article to Neo4j: Cannot resolve address neo4j:7687
12/03/2025 12:21:38 AM - Failed to load article to Neo4j: Cannot resolve address neo4j:7687
12/03/2025 12:21:42 AM - Failed to load article to Neo4j: Cannot resolve address neo4j:7687
12/03/2025 12:21:46 AM - Failed to load article to Neo4j: Cannot resolve address neo4j:7687
12/03/2025 12:21:50 AM - Failed to load article to Neo4j: Cannot resolve address neo4j:7687
12/03/2025 12:21:54 AM - Failed to load article to Neo4j: Cannot resolve address neo4j:7687
12/03/2025 12:21:56 AM - Failed to load article to Neo4j: Cannot resolve address neo4j:7687
12/03/2025 12:22:00 AM - Failed to load article to Neo4j: Cannot resolve address neo4j:7687
12/03/2025 12:22:04 AM - Failed to load article to Neo4j: Cannot resolve address neo4j:7687
12/03/2025 12:22:08 AM - Failed to load article to Neo4j: Cannot resolve address neo4j:7687
12/03/2025 12:22:12 AM - Failed to load article to Neo4j: Cannot resolve address neo4j:7687
12/03/2025 12:22:16 AM - Failed to load article to Neo4j: Cannot resolve address neo4j:7687
12/03/2025 12:22:20 AM - Failed to load article to Neo4j: Cannot resolve address neo4j:7687
12/03/2025 12:22:24 AM - Failed to load article to Neo4j: Cannot resolve address neo4j:7687
12/03/2025 12:22:27 AM - Failed to load article to Neo4j: Cannot resolve address neo4j:7687
12/03/2025 12:22:31 AM - Failed to load article to Neo4j: Cannot resolve address neo4j:7687
12/03/2025 12:22:35 AM - Failed to load article to Neo4j: Cannot resolve address neo4j:7687
12/03/2025 12:22:39 AM - Failed to load article to Neo4j: Cannot resolve address neo4j:7687
12/03/2025 12:22:43 AM - Failed to load article to Neo4j: Cannot resolve address neo4j:7687
12/03/2025 12:22:47 AM - Failed to load article to Neo4j: Cannot resolve address neo4j:7687
12/03/2025 12:22:51 AM - Failed to load article to Neo4j: Cannot resolve address neo4j:7687
12/03/2025 12:22:54 AM - Failed to load article to Neo4j: Cannot resolve address neo4j:7687
12/03/2025 12:22:58 AM - Failed to load article to Neo4j: Cannot resolve address neo4j:7687
12/03/2025 12:22:58 AM - Transaction failed and will be retried in 0.9393349052369631s (Couldn't connect to neo4j:7687 (resolved to ('172.20.0.3:7687',)):
Failed to establish connection to ResolvedIPv4Address(('172.20.0.3', 7687)) (reason [Errno 111] Connection refused))
12/03/2025 12:22:59 AM - Transaction failed and will be retried in 1.7844013889063175s (Couldn't connect to neo4j:7687 (resolved to ('172.20.0.3:7687',)):
Failed to establish connection to ResolvedIPv4Address(('172.20.0.3', 7687)) (reason [Errno 111] Connection refused))
12/03/2025 12:23:00 AM - Transaction failed and will be retried in 4.561473611241429s (Couldn't connect to neo4j:7687 (resolved to ('172.20.0.3:7687',)):
Failed to establish connection to ResolvedIPv4Address(('172.20.0.3', 7687)) (reason [Errno 111] Connection refused))
12/03/2025 12:23:05 AM - Transaction failed and will be retried in 9.456986914158446s (Couldn't connect to neo4j:7687 (resolved to ('172.20.0.3:7687',)):
Failed to establish connection to ResolvedIPv4Address(('172.20.0.3', 7687)) (reason [Errno 111] Connection refused))
12/03/2025 12:23:22 AM - Loaded 400 articles into Neo4j.
2025-12-03 00:23:23 +0000 - dagster - DEBUG - __ASSET_JOB - f1f71f1a-8a4f-4718-8bfa-f8009ebb6c24 - 28894 - load_to_neo4j - STEP_OUTPUT - Yielded output "result" of type "Any". (Type check passed).
2025-12-03 00:23:23 +0000 - dagster - DEBUG - __ASSET_JOB - f1f71f1a-8a4f-4718-8bfa-f8009ebb6c24 - load_to_neo4j - Writing file at: /opt/dagster/dagster_home/storage/load_to_neo4j using PickledObjectFilesystemIOManager...
2025-12-03 00:23:24 +0000 - dagster - DEBUG - __ASSET_JOB - f1f71f1a-8a4f-4718-8bfa-f8009ebb6c24 - 28894 - load_to_neo4j - ASSET_MATERIALIZATION - Materialized value load_to_neo4j.
2025-12-03 00:23:24 +0000 - dagster - DEBUG - __ASSET_JOB - f1f71f1a-8a4f-4718-8bfa-f8009ebb6c24 - 28894 - load_to_neo4j - HANDLED_OUTPUT - Handled output "result" using IO manager "io_manager"
2025-12-03 00:23:24 +0000 - dagster - DEBUG - __ASSET_JOB - f1f71f1a-8a4f-4718-8bfa-f8009ebb6c24 - 28894 - load_to_neo4j - STEP_SUCCESS - Finished execution of step "load_to_neo4j" in 18m28s.
