2025-12-02 10:35:06 +0000 - dagster - DEBUG - __anonymous_asset_job_daily_news_pipeline - f208bef0-7d3d-4338-af30-be7f8bb504b0 - 587 - LOGS_CAPTURED - Started capturing logs in process (pid: 587).
2025-12-02 10:35:06 +0000 - dagster - DEBUG - __anonymous_asset_job_daily_news_pipeline - f208bef0-7d3d-4338-af30-be7f8bb504b0 - 587 - ingest_news - STEP_START - Started execution of step "ingest_news".
12/02/2025 10:35:06 AM - Fetching news from GNews with max_results=80 for categories=['Technology', 'Business', 'Sports', 'Health', 'Science']...
12/02/2025 10:37:25 AM - ('Connection aborted.', RemoteDisconnected('Remote end closed connection without response'))
12/02/2025 10:40:03 AM - HTTPSConnectionPool(host='news.google.com', port=443): Max retries exceeded with url: /rss/articles/CBMijAFBVV95cUxOdVRTUTNaU1lzd1BNQjBySnk2YlpGd3duQm1IY2hFdnJ1eFhfeVZObkpOWThTcHhxNm5aX0V5VlMwejdoTzJrQ0JLR09SYW5EdElfOHp0b0pVUE9OSEtuTF9ZcV96bWt3cjA1djJ0QzFhenlfc3BLTGhSUEdKN2R2Ykd5cTdGSlBJRlJQQw?oc=5 (Caused by SSLError(SSLZeroReturnError(6, 'TLS/SSL connection has been closed (EOF) (_ssl.c:1147)')))
12/02/2025 10:44:37 AM - ('Connection aborted.', RemoteDisconnected('Remote end closed connection without response'))
12/02/2025 10:47:28 AM - ('Connection aborted.', RemoteDisconnected('Remote end closed connection without response'))
12/02/2025 10:48:05 AM - HTTPSConnectionPool(host='news.google.com', port=443): Max retries exceeded with url: /rss/articles/CBMib0FVX3lxTE1oZ1YxWWNFTW1OczVHdVVORk9RNlFfS2Z0LTlkZTVWRjJqYTU1ZWRGc1d5MU1iV3lxd3FUYTk1S1VVdFZSdlVma3pTeGE0MUU2TFhrTmN0dF94NnUtVmJaYm5TcFNRZnlHZkpjanhCMA?oc=5 (Caused by SSLError(SSLZeroReturnError(6, 'TLS/SSL connection has been closed (EOF) (_ssl.c:1147)')))
2025-12-02 10:48:06 +0000 - dagster - ERROR - __anonymous_asset_job_daily_news_pipeline - f208bef0-7d3d-4338-af30-be7f8bb504b0 - 587 - ingest_news - STEP_FAILURE - Execution of step "ingest_news" failed.

dagster._core.errors.DagsterExecutionStepExecutionError: Error occurred while executing op "ingest_news"::

KeyError: 'published_at'

Stack Trace:
  File "/usr/local/lib/python3.9/site-packages/dagster/_core/execution/plan/utils.py", line 57, in op_execution_error_boundary
    yield
  File "/usr/local/lib/python3.9/site-packages/dagster/_utils/__init__.py", line 392, in iterate_with_context
    next_output = next(iterator)
  File "/usr/local/lib/python3.9/site-packages/dagster/_core/execution/plan/compute_generator.py", line 137, in _coerce_op_compute_fn_to_iterator
    result = invoke_compute_fn(
  File "/usr/local/lib/python3.9/site-packages/dagster/_core/execution/plan/compute_generator.py", line 117, in invoke_compute_fn
    return fn(context, **args_to_pass) if context_arg_provided else fn(**args_to_pass)
  File "/opt/dagster/app/news_pipeline/assets.py", line 65, in ingest_news
    df['published_at'] = pd.to_datetime(df['published_at'], errors='coerce').fillna(datetime.now())
  File "/usr/local/lib/python3.9/site-packages/pandas/core/frame.py", line 4113, in __getitem__
    indexer = self.columns.get_loc(key)
  File "/usr/local/lib/python3.9/site-packages/pandas/core/indexes/range.py", line 417, in get_loc
    raise KeyError(key)

